info: urlMapper app listening on port 80 {"timestamp":"2018-11-30 20:39:54"}
info: urlMapper app listening on port 80 {"timestamp":"2018-11-30 20:40:53"}
info: urlMapper app listening on port 3000 {"timestamp":"2018-11-30 20:42:25"}
info: admin /admin {"timestamp":"2018-11-30 20:42:46"}
info: getting list of links {"timestamp":"2018-11-30 20:42:47"}
info: Getting all links {"timestamp":"2018-11-30 20:42:47"}
info: get /favicon.ico {"timestamp":"2018-11-30 20:42:47"}
info: Getting favicon.ico {"timestamp":"2018-11-30 20:42:47"}
info: Returning undefined {"timestamp":"2018-11-30 20:42:47"}
info: get /pay {"timestamp":"2018-11-30 20:42:58"}
info: admin /admin {"timestamp":"2018-11-30 20:44:20"}
info: getting list of links {"timestamp":"2018-11-30 20:44:20"}
info: Getting all links {"timestamp":"2018-11-30 20:44:20"}
info: get /favicon.ico {"timestamp":"2018-11-30 20:44:20"}
info: Getting favicon.ico {"timestamp":"2018-11-30 20:44:20"}
info: Returning undefined {"timestamp":"2018-11-30 20:44:20"}
info: /admin/link gaf http://www.gaf.com2 {"timestamp":"2018-11-30 20:44:29"}
info: Setting gaf to http://www.gaf.com2 {"timestamp":"2018-11-30 20:44:29"}
info: getting list of links {"timestamp":"2018-11-30 20:44:29"}
info: Getting all links {"timestamp":"2018-11-30 20:44:29"}
info: urlMapper app listening on port 3000 {"timestamp":"2018-11-30 20:44:30"}
info: get /favicon.ico {"timestamp":"2018-11-30 20:44:30"}
info: Getting favicon.ico {"timestamp":"2018-11-30 20:44:30"}
info: Returning undefined {"timestamp":"2018-11-30 20:44:30"}
info: admin /admin {"timestamp":"2018-11-30 20:44:32"}
info: getting list of links {"timestamp":"2018-11-30 20:44:32"}
info: Getting all links {"timestamp":"2018-11-30 20:44:32"}
info: get /favicon.ico {"timestamp":"2018-11-30 20:44:32"}
info: Getting favicon.ico {"timestamp":"2018-11-30 20:44:32"}
info: Returning undefined {"timestamp":"2018-11-30 20:44:32"}
info: /admin/link gaf http://www.gaf.com222 {"timestamp":"2018-11-30 20:44:43"}
info: Setting gaf to http://www.gaf.com222 {"timestamp":"2018-11-30 20:44:43"}
info: getting list of links {"timestamp":"2018-11-30 20:44:43"}
info: Getting all links {"timestamp":"2018-11-30 20:44:43"}
info: urlMapper app listening on port 3000 {"timestamp":"2018-11-30 20:44:43"}
info: get /favicon.ico {"timestamp":"2018-11-30 20:44:43"}
info: Getting favicon.ico {"timestamp":"2018-11-30 20:44:43"}
info: Returning undefined {"timestamp":"2018-11-30 20:44:43"}
info: admin /admin {"timestamp":"2018-11-30 20:47:37"}
info: getting list of links {"timestamp":"2018-11-30 20:47:37"}
info: Getting all links {"timestamp":"2018-11-30 20:47:37"}
info: get /favicon.ico {"timestamp":"2018-11-30 20:47:37"}
info: Getting favicon.ico {"timestamp":"2018-11-30 20:47:37"}
info: Returning undefined {"timestamp":"2018-11-30 20:47:37"}
info: admin /admin {"timestamp":"2018-11-30 20:47:53"}
info: getting list of links {"timestamp":"2018-11-30 20:47:53"}
info: Getting all links {"timestamp":"2018-11-30 20:47:53"}
info: get /favicon.ico {"timestamp":"2018-11-30 20:47:53"}
info: Getting favicon.ico {"timestamp":"2018-11-30 20:47:53"}
info: Returning undefined {"timestamp":"2018-11-30 20:47:53"}
info: admin /admin {"timestamp":"2018-11-30 20:48:16"}
info: getting list of links {"timestamp":"2018-11-30 20:48:16"}
info: Getting all links {"timestamp":"2018-11-30 20:48:16"}
info: get /favicon.ico {"timestamp":"2018-11-30 20:48:16"}
info: Getting favicon.ico {"timestamp":"2018-11-30 20:48:16"}
info: Returning undefined {"timestamp":"2018-11-30 20:48:16"}
info: admin /admin {"timestamp":"2018-11-30 20:49:23"}
info: getting list of links {"timestamp":"2018-11-30 20:49:23"}
info: Getting all links {"timestamp":"2018-11-30 20:49:23"}
info: get /favicon.ico {"timestamp":"2018-11-30 20:49:23"}
info: Getting favicon.ico {"timestamp":"2018-11-30 20:49:23"}
info: Returning undefined {"timestamp":"2018-11-30 20:49:23"}
info: admin /admin {"timestamp":"2018-11-30 20:49:37"}
info: getting list of links {"timestamp":"2018-11-30 20:49:37"}
info: Getting all links {"timestamp":"2018-11-30 20:49:37"}
info: get /favicon.ico {"timestamp":"2018-11-30 20:49:37"}
info: Getting favicon.ico {"timestamp":"2018-11-30 20:49:37"}
info: Returning undefined {"timestamp":"2018-11-30 20:49:37"}
info: get /favicon.ico {"timestamp":"2018-11-30 20:51:37"}
info: Getting favicon.ico {"timestamp":"2018-11-30 20:51:37"}
info: Returning undefined {"timestamp":"2018-11-30 20:51:37"}
info: admin /admin {"timestamp":"2018-11-30 20:52:05"}
info: getting list of links {"timestamp":"2018-11-30 20:52:06"}
info: Getting all links {"timestamp":"2018-11-30 20:52:06"}
info: get /favicon.ico {"timestamp":"2018-11-30 20:52:06"}
info: Getting favicon.ico {"timestamp":"2018-11-30 20:52:06"}
info: Returning undefined {"timestamp":"2018-11-30 20:52:06"}
info: admin /admin {"timestamp":"2018-11-30 20:53:26"}
info: getting list of links {"timestamp":"2018-11-30 20:53:26"}
info: Getting all links {"timestamp":"2018-11-30 20:53:26"}
info: get /favicon.ico {"timestamp":"2018-11-30 20:53:26"}
info: Getting favicon.ico {"timestamp":"2018-11-30 20:53:26"}
info: Returning undefined {"timestamp":"2018-11-30 20:53:26"}
info: admin /admin? {"timestamp":"2018-11-30 20:53:41"}
info: getting list of links {"timestamp":"2018-11-30 20:53:41"}
info: Getting all links {"timestamp":"2018-11-30 20:53:41"}
info: get /favicon.ico {"timestamp":"2018-11-30 20:53:41"}
info: Getting favicon.ico {"timestamp":"2018-11-30 20:53:41"}
info: Returning undefined {"timestamp":"2018-11-30 20:53:41"}
info: admin /admin? {"timestamp":"2018-11-30 20:53:43"}
info: getting list of links {"timestamp":"2018-11-30 20:53:44"}
info: Getting all links {"timestamp":"2018-11-30 20:53:44"}
info: get /favicon.ico {"timestamp":"2018-11-30 20:53:44"}
info: Getting favicon.ico {"timestamp":"2018-11-30 20:53:44"}
info: Returning undefined {"timestamp":"2018-11-30 20:53:44"}
info: get /favicon.ico {"timestamp":"2018-11-30 20:55:44"}
info: Getting favicon.ico {"timestamp":"2018-11-30 20:55:44"}
info: Returning undefined {"timestamp":"2018-11-30 20:55:44"}
info: admin /admin? {"timestamp":"2018-11-30 21:00:01"}
info: getting list of links {"timestamp":"2018-11-30 21:00:02"}
info: Getting all links {"timestamp":"2018-11-30 21:00:02"}
info: get /favicon.ico {"timestamp":"2018-11-30 21:00:02"}
info: Getting favicon.ico {"timestamp":"2018-11-30 21:00:02"}
info: Returning undefined {"timestamp":"2018-11-30 21:00:02"}
info: urlMapper app listening on port 3000 {"timestamp":"2018-11-30 21:01:17"}
info: get /favicon.ico {"timestamp":"2018-11-30 21:01:17"}
info: Getting favicon.ico {"timestamp":"2018-11-30 21:01:17"}
info: Returning undefined {"timestamp":"2018-11-30 21:01:17"}
info: urlMapper app listening on port 3000 {"timestamp":"2018-11-30 21:01:55"}
info: urlMapper app listening on port 3000 {"timestamp":"2018-11-30 21:02:42"}
info: urlMapper app listening on port 3000 {"timestamp":"2018-11-30 21:02:54"}
info: admin /admin? {"timestamp":"2018-11-30 21:03:12"}
info: getting list of links {"timestamp":"2018-11-30 21:03:12"}
info: Getting all links {"timestamp":"2018-11-30 21:03:12"}
info: get /favicon.ico {"timestamp":"2018-11-30 21:03:12"}
info: Getting favicon.ico {"timestamp":"2018-11-30 21:03:12"}
info: Returning undefined {"timestamp":"2018-11-30 21:03:12"}
info: /admin/link gaf http://www.gaf.com {"timestamp":"2018-11-30 21:03:25"}
info: Setting gaf to http://www.gaf.com {"timestamp":"2018-11-30 21:03:25"}
info: getting list of links {"timestamp":"2018-11-30 21:03:25"}
info: Getting all links {"timestamp":"2018-11-30 21:03:25"}
info: urlMapper app listening on port 3000 {"timestamp":"2018-11-30 21:03:26"}
info: get /favicon.ico {"timestamp":"2018-11-30 21:03:26"}
info: Getting favicon.ico {"timestamp":"2018-11-30 21:03:26"}
info: Returning undefined {"timestamp":"2018-11-30 21:03:26"}
info: /admin/link gafnew http://www.cnn.comww {"timestamp":"2018-11-30 21:03:30"}
info: Setting gafnew to http://www.cnn.comww {"timestamp":"2018-11-30 21:03:30"}
info: getting list of links {"timestamp":"2018-11-30 21:03:30"}
info: Getting all links {"timestamp":"2018-11-30 21:03:30"}
info: urlMapper app listening on port 3000 {"timestamp":"2018-11-30 21:03:30"}
info: /admin/link gafnew undefined {"timestamp":"2018-11-30 21:03:33"}
info: Deleting gafnew {"timestamp":"2018-11-30 21:03:33"}
info: Getting gafnew {"timestamp":"2018-11-30 21:03:33"}
info: Returning http://www.cnn.comww {"timestamp":"2018-11-30 21:03:33"}
info: getting list of links {"timestamp":"2018-11-30 21:03:33"}
info: Getting all links {"timestamp":"2018-11-30 21:03:33"}
info: urlMapper app listening on port 3000 {"timestamp":"2018-11-30 21:03:34"}
